<?xml version="1.0" encoding="UTF-8"?>
<!-- Generated by org.testng.reporters.JUnitXMLReporter -->
<testsuite ignored="0" hostname="LAPTOP-RS28AEIO" failures="0" tests="8" name="Test" time="2.151" errors="0" timestamp="2026-08-13T19:27:40 IST">
  <testcase classname="testBase.BaseClass" name="@BeforeClass setup" time="0.022">
    <failure type="java.lang.NullPointerException" message="Cannot invoke &amp;quot;org.openqa.selenium.WebDriver.manage()&amp;quot; because &amp;quot;testBase.BaseClass.driver&amp;quot; is null">
      <![CDATA[java.lang.NullPointerException: Cannot invoke "org.openqa.selenium.WebDriver.manage()" because "testBase.BaseClass.driver" is null
at testBase.BaseClass.setup(BaseClass.java:80)
at java.base/java.util.ArrayList.forEach(ArrayList.java:1604)
... Removed 23 stack frames]]>
    </failure>
  </testcase> <!-- @BeforeClass setup -->
  <testcase classname="testBase.BaseClass" name="@AfterClass tearDown" time="0.0">
    <skipped/>
  </testcase> <!-- @AfterClass tearDown -->
  <testcase classname="testCases.TC003_LoginTestDDT" name="verify_loginTestDDT" time="0.001">
    <skipped/>
  </testcase> <!-- verify_loginTestDDT -->
  <testcase classname="testCases.TC003_LoginTestDDT" name="verify_loginTestDDT" time="0.0">
    <skipped/>
  </testcase> <!-- verify_loginTestDDT -->
  <testcase classname="testCases.TC003_LoginTestDDT" name="verify_loginTestDDT" time="0.0">
    <skipped/>
  </testcase> <!-- verify_loginTestDDT -->
  <testcase classname="testCases.TC003_LoginTestDDT" name="verify_loginTestDDT" time="0.001">
    <skipped/>
  </testcase> <!-- verify_loginTestDDT -->
  <testcase classname="testCases.TC003_LoginTestDDT" name="verify_loginTestDDT" time="0.001">
    <skipped/>
  </testcase> <!-- verify_loginTestDDT -->
  <testcase classname="testCases.TC003_LoginTestDDT" name="verify_loginTestDDT" time="0.0">
    <skipped/>
  </testcase> <!-- verify_loginTestDDT -->
  <testcase classname="testCases.TC003_LoginTestDDT" name="verify_loginTestDDT" time="0.001">
    <skipped/>
  </testcase> <!-- verify_loginTestDDT -->
  <testcase classname="testCases.TC003_LoginTestDDT" name="verify_loginTestDDT" time="0.0">
    <skipped/>
  </testcase> <!-- verify_loginTestDDT -->
</testsuite> <!-- Test -->
