<?xml version="1.0" encoding="UTF-8"?>
<!-- Generated by org.testng.reporters.JUnitReportReporter -->
<testsuite hostname="LAPTOP-RS28AEIO" failures="0" tests="9" name="testCases.TC003_LoginTestDDT" time="0.026" errors="1" timestamp="2026-08-13T19:27:40 IST" skipped="8">
  <testcase classname="testCases.TC003_LoginTestDDT" name="verify_loginTestDDT" time="0.001">
    <skipped/>
  </testcase> <!-- verify_loginTestDDT -->
  <testcase classname="testCases.TC003_LoginTestDDT" name="verify_loginTestDDT" time="0.000">
    <skipped/>
  </testcase> <!-- verify_loginTestDDT -->
  <testcase classname="testCases.TC003_LoginTestDDT" name="verify_loginTestDDT" time="0.001">
    <skipped/>
  </testcase> <!-- verify_loginTestDDT -->
  <testcase classname="testCases.TC003_LoginTestDDT" name="setup" time="0.022">
    <error message="Cannot invoke &quot;org.openqa.selenium.WebDriver.manage()&quot; because &quot;testBase.BaseClass.driver&quot; is null" type="java.lang.NullPointerException">
      <![CDATA[java.lang.NullPointerException: Cannot invoke "org.openqa.selenium.WebDriver.manage()" because "testBase.BaseClass.driver" is null
at testBase.BaseClass.setup(BaseClass.java:80)
at java.base/jdk.internal.reflect.DirectMethodHandleAccessor.invoke(DirectMethodHandleAccessor.java:104)
at java.base/java.lang.reflect.Method.invoke(Method.java:565)
at org.testng.internal.invokers.MethodInvocationHelper.invokeMethod(MethodInvocationHelper.java:141)
at org.testng.internal.invokers.MethodInvocationHelper.invokeMethodConsideringTimeout(MethodInvocationHelper.java:71)
at org.testng.internal.invokers.ConfigInvoker.invokeConfigurationMethod(ConfigInvoker.java:400)
at org.testng.internal.invokers.ConfigInvoker.invokeConfigurations(ConfigInvoker.java:333)
at org.testng.internal.invokers.TestMethodWorker.invokeBeforeClassMethods(TestMethodWorker.java:188)
at org.testng.internal.invokers.TestMethodWorker.run(TestMethodWorker.java:128)
at java.base/java.util.ArrayList.forEach(ArrayList.java:1604)
at org.testng.TestRunner.privateRun(TestRunner.java:744)
at org.testng.TestRunner.run(TestRunner.java:616)
at org.testng.SuiteRunner.runTest(SuiteRunner.java:421)
at org.testng.SuiteRunner.runSequentially(SuiteRunner.java:413)
at org.testng.SuiteRunner.privateRun(SuiteRunner.java:373)
at org.testng.SuiteRunner.run(SuiteRunner.java:312)
at org.testng.SuiteRunnerWorker.runSuite(SuiteRunnerWorker.java:52)
at org.testng.SuiteRunnerWorker.run(SuiteRunnerWorker.java:95)
at org.testng.TestNG.runSuitesSequentially(TestNG.java:1274)
at org.testng.TestNG.runSuitesLocally(TestNG.java:1208)
at org.testng.TestNG.runSuites(TestNG.java:1112)
at org.testng.TestNG.run(TestNG.java:1079)
at org.testng.remote.AbstractRemoteTestNG.run(AbstractRemoteTestNG.java:115)
at org.testng.remote.RemoteTestNG.initAndRun(RemoteTestNG.java:293)
at org.testng.remote.RemoteTestNG.main(RemoteTestNG.java:91)
]]>
    </error>
  </testcase> <!-- setup -->
  <testcase classname="testCases.TC003_LoginTestDDT" name="verify_loginTestDDT" time="0.000">
    <skipped/>
  </testcase> <!-- verify_loginTestDDT -->
  <testcase classname="testCases.TC003_LoginTestDDT" name="verify_loginTestDDT" time="0.000">
    <skipped/>
  </testcase> <!-- verify_loginTestDDT -->
  <testcase classname="testCases.TC003_LoginTestDDT" name="verify_loginTestDDT" time="0.001">
    <skipped/>
  </testcase> <!-- verify_loginTestDDT -->
  <testcase classname="testCases.TC003_LoginTestDDT" name="verify_loginTestDDT" time="0.000">
    <skipped/>
  </testcase> <!-- verify_loginTestDDT -->
  <testcase classname="testCases.TC003_LoginTestDDT" name="verify_loginTestDDT" time="0.001">
    <skipped/>
  </testcase> <!-- verify_loginTestDDT -->
</testsuite> <!-- testCases.TC003_LoginTestDDT -->
